<?xml version="1.0" encoding="UTF-8"?>
<!-- Generated by org.testng.reporters.JUnitXMLReporter -->
<testsuite hostname="SAGAR-AHUJA" ignored="0" name="Test" tests="3" failures="0" timestamp="03 Oct 2019 15:19:51 GMT" time="6.561" errors="0">
  <testcase name="validateErrorMessage" time="3.919" classname="demo.backend.tests.POST_Call"/>
  <testcase name="registerNewStations" time="1.209" classname="demo.backend.tests.POST_Call"/>
  <testcase name="verifyStationRegistration" time="0.719" classname="demo.backend.tests.POST_Call"/>
</testsuite> <!-- Test -->
